<?xml version="1.0" encoding="UTF-8"?>
<!-- Generated by org.testng.reporters.JUnitReportReporter -->
<testsuite skipped="0" hostname="User-PC" name="com.ycc.test.LoginTest" tests="1" failures="0" timestamp="18 Apr 2019 12:05:20 GMT" time="15.043" errors="0">
  <testcase name="verifyLoginSuccessfull" time="15.043" classname="com.ycc.test.LoginTest"/>
</testsuite> <!-- com.ycc.test.LoginTest -->
