<?xml version="1.0" encoding="UTF-8"?>
<!-- Generated by org.testng.reporters.JUnitReportReporter -->
<testsuite skipped="0" hostname="User-PC" name="com.ycc.test.CloneAgentTest" tests="1" failures="0" timestamp="23 Jun 2019 11:17:46 GMT" time="58.845" errors="0">
  <testcase name="veirfyCloneAgentSuccess" time="58.845" classname="com.ycc.test.CloneAgentTest"/>
</testsuite> <!-- com.ycc.test.CloneAgentTest -->
