<?xml version="1.0" encoding="UTF-8"?>
<!-- Generated by org.testng.reporters.JUnitReportReporter -->
<testsuite skipped="0" hostname="User-PC" name="com.ycc.test.CloneAgentTest" tests="1" failures="0" timestamp="18 Apr 2019 12:09:51 GMT" time="84.995" errors="0">
  <testcase name="veirfyCloneAgentSuccess" time="84.995" classname="com.ycc.test.CloneAgentTest"/>
</testsuite> <!-- com.ycc.test.CloneAgentTest -->
